<?xml version="1.0" encoding="UTF-8"?>
<coverage generated="1774805750184" clover="3.2.0">
  <project timestamp="1774805750184" name="All files">
    <metrics statements="15" coveredstatements="15" conditionals="2" coveredconditionals="1" methods="5" coveredmethods="5" elements="22" coveredelements="21" complexity="0" loc="15" ncloc="15" packages="4" files="5" classes="5"/>
    <package name="public.locales.en">
      <metrics statements="3" coveredstatements="3" conditionals="0" coveredconditionals="0" methods="0" coveredmethods="0"/>
      <file name="common.json" path="C:\Users\wcmch\claude_projects\powerplayshistory_site\public\locales\en\common.json">
        <metrics statements="3" coveredstatements="3" conditionals="0" coveredconditionals="0" methods="0" coveredmethods="0"/>
        <line num="1" count="1" type="stmt"/>
        <line num="2" count="1" type="stmt"/>
        <line num="3" count="1" type="stmt"/>
      </file>
    </package>
    <package name="src">
      <metrics statements="3" coveredstatements="3" conditionals="0" coveredconditionals="0" methods="1" coveredmethods="1"/>
      <file name="App.jsx" path="C:\Users\wcmch\claude_projects\powerplayshistory_site\src\App.jsx">
        <metrics statements="3" coveredstatements="3" conditionals="0" coveredconditionals="0" methods="1" coveredmethods="1"/>
        <line num="5" count="5" type="stmt"/>
        <line num="6" count="5" type="stmt"/>
        <line num="8" count="5" type="stmt"/>
      </file>
    </package>
    <package name="src.i18n">
      <metrics statements="8" coveredstatements="8" conditionals="2" coveredconditionals="1" methods="4" coveredmethods="4"/>
      <file name="locales.js" path="C:\Users\wcmch\claude_projects\powerplayshistory_site\src\i18n\locales.js">
        <metrics statements="3" coveredstatements="3" conditionals="0" coveredconditionals="0" methods="2" coveredmethods="2"/>
        <line num="5" count="1" type="stmt"/>
        <line num="99" count="1" type="stmt"/>
        <line num="100" count="13" type="stmt"/>
      </file>
      <file name="useHtmlAttributes.js" path="C:\Users\wcmch\claude_projects\powerplayshistory_site\src\i18n\useHtmlAttributes.js">
        <metrics statements="5" coveredstatements="5" conditionals="2" coveredconditionals="1" methods="2" coveredmethods="2"/>
        <line num="14" count="5" type="stmt"/>
        <line num="16" count="5" type="stmt"/>
        <line num="17" count="5" type="stmt"/>
        <line num="18" count="5" type="stmt"/>
        <line num="19" count="5" type="stmt"/>
      </file>
    </package>
    <package name="src.test">
      <metrics statements="1" coveredstatements="1" conditionals="0" coveredconditionals="0" methods="0" coveredmethods="0"/>
      <file name="i18nTestInstance.js" path="C:\Users\wcmch\claude_projects\powerplayshistory_site\src\test\i18nTestInstance.js">
        <metrics statements="1" coveredstatements="1" conditionals="0" coveredconditionals="0" methods="0" coveredmethods="0"/>
        <line num="10" count="1" type="stmt"/>
      </file>
    </package>
  </project>
</coverage>
