{"C:\\Users\\wcmch\\claude_projects\\powerplayshistory_site\\public\\locales\\en\\common.json": {"path":"C:\\Users\\wcmch\\claude_projects\\powerplayshistory_site\\public\\locales\\en\\common.json","statementMap":{"0":{"start":{"line":1,"column":21},"end":{"line":1,"column":42}},"1":{"start":{"line":2,"column":26},"end":{"line":2,"column":39}},"2":{"start":{"line":3,"column":23},"end":{"line":3,"column":58}}},"fnMap":{},"branchMap":{},"s":{"0":1,"1":1,"2":1},"f":{},"b":{},"meta":{"lastBranch":0,"lastFunction":0,"lastStatement":3,"seen":{"s:1:21:1:42":0,"s:2:26:2:39":1,"s:3:23:3:58":2}}}
,"C:\\Users\\wcmch\\claude_projects\\powerplayshistory_site\\src\\App.jsx": {"path":"C:\\Users\\wcmch\\claude_projects\\powerplayshistory_site\\src\\App.jsx","statementMap":{"0":{"start":{"line":5,"column":2},"end":{"line":5,"column":null}},"1":{"start":{"line":6,"column":10},"end":{"line":6,"column":32}},"2":{"start":{"line":8,"column":2},"end":{"line":17,"column":null}}},"fnMap":{"0":{"name":"App","decl":{"start":{"line":4,"column":24},"end":{"line":4,"column":30}},"loc":{"start":{"line":4,"column":30},"end":{"line":17,"column":null}},"line":4}},"branchMap":{},"s":{"0":5,"1":5,"2":5},"f":{"0":5},"b":{},"meta":{"lastBranch":0,"lastFunction":1,"lastStatement":3,"seen":{"f:4:24:4:30":0,"s:5:2:5:Infinity":0,"s:6:10:6:32":1,"s:8:2:17:Infinity":2}}}
,"C:\\Users\\wcmch\\claude_projects\\powerplayshistory_site\\src\\i18n\\locales.js": {"path":"C:\\Users\\wcmch\\claude_projects\\powerplayshistory_site\\src\\i18n\\locales.js","statementMap":{"0":{"start":{"line":5,"column":23},"end":{"line":97,"column":null}},"1":{"start":{"line":99,"column":27},"end":{"line":100,"column":null}},"2":{"start":{"line":100,"column":24},"end":{"line":100,"column":40}},"3":{"start":{"line":100,"column":52},"end":{"line":100,"column":59}}},"fnMap":{"0":{"name":"(anonymous_0)","decl":{"start":{"line":100,"column":10},"end":{"line":100,"column":18}},"loc":{"start":{"line":100,"column":24},"end":{"line":100,"column":40}},"line":100},"1":{"name":"(anonymous_1)","decl":{"start":{"line":100,"column":41},"end":{"line":100,"column":46}},"loc":{"start":{"line":100,"column":52},"end":{"line":100,"column":59}},"line":100}},"branchMap":{},"s":{"0":1,"1":1,"2":13,"3":2},"f":{"0":13,"1":2},"b":{},"meta":{"lastBranch":0,"lastFunction":2,"lastStatement":4,"seen":{"s:5:23:97:Infinity":0,"s:99:27:100:Infinity":1,"f:100:10:100:18":0,"s:100:24:100:40":2,"f:100:41:100:46":1,"s:100:52:100:59":3}}}
,"C:\\Users\\wcmch\\claude_projects\\powerplayshistory_site\\src\\i18n\\useHtmlAttributes.js": {"path":"C:\\Users\\wcmch\\claude_projects\\powerplayshistory_site\\src\\i18n\\useHtmlAttributes.js","statementMap":{"0":{"start":{"line":14,"column":10},"end":{"line":14,"column":35}},"1":{"start":{"line":16,"column":2},"end":{"line":23,"column":null}},"2":{"start":{"line":17,"column":19},"end":{"line":17,"column":null}},"3":{"start":{"line":18,"column":4},"end":{"line":18,"column":null}},"4":{"start":{"line":19,"column":4},"end":{"line":22,"column":null}}},"fnMap":{"0":{"name":"useHtmlAttributes","decl":{"start":{"line":13,"column":16},"end":{"line":13,"column":36}},"loc":{"start":{"line":13,"column":36},"end":{"line":23,"column":null}},"line":13},"1":{"name":"(anonymous_1)","decl":{"start":{"line":16,"column":2},"end":{"line":16,"column":18}},"loc":{"start":{"line":16,"column":18},"end":{"line":23,"column":6}},"line":16}},"branchMap":{"0":{"loc":{"start":{"line":21,"column":6},"end":{"line":21,"column":null}},"type":"cond-expr","locations":[{"start":{"line":21,"column":32},"end":{"line":21,"column":40}},{"start":{"line":21,"column":40},"end":{"line":21,"column":null}}],"line":21}},"s":{"0":5,"1":5,"2":5,"3":5,"4":5},"f":{"0":5,"1":5},"b":{"0":[0,5]},"meta":{"lastBranch":1,"lastFunction":2,"lastStatement":5,"seen":{"f:13:16:13:36":0,"s:14:10:14:35":0,"s:16:2:23:Infinity":1,"f:16:2:16:18":1,"s:17:19:17:Infinity":2,"s:18:4:18:Infinity":3,"s:19:4:22:Infinity":4,"b:21:32:21:40:21:40:21:Infinity":0}}}
,"C:\\Users\\wcmch\\claude_projects\\powerplayshistory_site\\src\\test\\i18nTestInstance.js": {"path":"C:\\Users\\wcmch\\claude_projects\\powerplayshistory_site\\src\\test\\i18nTestInstance.js","statementMap":{"0":{"start":{"line":10,"column":0},"end":{"line":21,"column":null}}},"fnMap":{},"branchMap":{},"s":{"0":1},"f":{},"b":{},"meta":{"lastBranch":0,"lastFunction":0,"lastStatement":1,"seen":{"s:10:0:21:Infinity":0}}}
}
